<?xml version="1.0" encoding="UTF-8"?>
<testsuite xmlns:xsi="http://www.w3.org/2001/XMLSchema-instance" xsi:noNamespaceSchemaLocation="https://maven.apache.org/surefire/maven-surefire-plugin/xsd/surefire-test-report.xsd" name="com.example.runners.TestRunner" time="29.685" tests="5" errors="0" skipped="0" failures="0">
  <properties>
[...]
</properties>
  <testcase name="Login exitoso" classname="Login de usuario" time="7.132"/>
  <testcase name="Registro exitoso" classname="Registro de usuario vía API" time="0.626"/>
  <testcase name="Registro fallido por usuario existente" classname="Registro de usuario vía API" time="0.469"/>
  <testcase name="Registro exitoso" classname="Registro de usuario" time="4.682"/>
  <testcase name="Registro fallido por usuario existente" classname="Registro de usuario" time="16.628"/>
</testsuite>